#-----------------------------------------------------------
# Vivado v2020.2 (64-bit)
# SW Build 3064766 on Wed Nov 18 09:12:45 MST 2020
# IP Build 3064653 on Wed Nov 18 14:17:31 MST 2020
# Start of session at: Tue Jul 20 22:22:11 2021
# Process ID: 30000
# Current directory: C:/Users/Joey/Google_Drive/RISCV_Project/riscv_cpu_single_cycle
# Command line: vivado.exe -gui_launcher_event rodinguilauncherevent14596 C:\Users\Joey\Google_Drive\RISCV_Project\riscv_cpu_single_cycle\riscv_cpu_single_cycle.xpr
# Log file: C:/Users/Joey/Google_Drive/RISCV_Project/riscv_cpu_single_cycle/vivado.log
# Journal file: C:/Users/Joey/Google_Drive/RISCV_Project/riscv_cpu_single_cycle\vivado.jou
#-----------------------------------------------------------
start_gui
open_project C:/Users/Joey/Google_Drive/RISCV_Project/riscv_cpu_single_cycle/riscv_cpu_single_cycle.xpr
WARNING: [filemgmt 56-3] Default IP Output Path : Could not find the directory 'C:/Users/Joey/Google_Drive/RISCV_Project/riscv_cpu_single_cycle/riscv_cpu_single_cycle.gen/sources_1'.
Scanning sources...
Finished scanning sources
INFO: [IP_Flow 19-234] Refreshing IP repositories
INFO: [IP_Flow 19-1704] No user IP repositories specified
INFO: [IP_Flow 19-2313] Loaded Vivado IP repository 'C:/Xilinx/Vivado/2020.2/data/ip'.
open_project: Time (s): cpu = 00:00:09 ; elapsed = 00:00:07 . Memory (MB): peak = 1139.617 ; gain = 0.000
update_compile_order -fileset sources_1
