#! /usr/local/Cellar/icarus-verilog/11.0/bin/vvp
:ivl_version "11.0 (stable)";
:ivl_delay_selection "TYPICAL";
:vpi_time_precision - 12;
:vpi_module "/usr/local/Cellar/icarus-verilog/11.0/lib/ivl/system.vpi";
:vpi_module "/usr/local/Cellar/icarus-verilog/11.0/lib/ivl/vhdl_sys.vpi";
:vpi_module "/usr/local/Cellar/icarus-verilog/11.0/lib/ivl/vhdl_textio.vpi";
:vpi_module "/usr/local/Cellar/icarus-verilog/11.0/lib/ivl/v2005_math.vpi";
:vpi_module "/usr/local/Cellar/icarus-verilog/11.0/lib/ivl/va_math.vpi";
S_0x7f9f62404720 .scope module, "alu_control" "alu_control" 2 49;
 .timescale -9 -12;
    .port_info 0 /INPUT 1 "reset";
    .port_info 1 /INPUT 32 "instruction";
    .port_info 2 /INPUT 4 "alu_op";
    .port_info 3 /OUTPUT 4 "alu_decode";
v0x60000022c000_0 .var "alu_decode", 3 0;
o0x7f9f58030038 .functor BUFZ 4, C4<zzzz>; HiZ drive
v0x60000022c090_0 .net "alu_op", 3 0, o0x7f9f58030038;  0 drivers
o0x7f9f58030068 .functor BUFZ 32, C4<zzzzzzzzzzzzzzzzzzzzzzzzzzzzzzzz>; HiZ drive
v0x60000022c120_0 .net "instruction", 31 0, o0x7f9f58030068;  0 drivers
o0x7f9f58030098 .functor BUFZ 1, C4<z>; HiZ drive
v0x60000022c1b0_0 .net "reset", 0 0, o0x7f9f58030098;  0 drivers
E_0x600003e2c510 .event edge, v0x60000022c090_0, v0x60000022c120_0, v0x60000022c1b0_0;
    .scope S_0x7f9f62404720;
T_0 ;
    %wait E_0x600003e2c510;
    %load/vec4 v0x60000022c1b0_0;
    %pad/u 32;
    %cmpi/e 1, 0, 32;
    %jmp/0xz  T_0.0, 4;
    %load/vec4 v0x60000022c090_0;
    %cmpi/e 2, 0, 4;
    %jmp/0xz  T_0.2, 4;
    %load/vec4 v0x60000022c120_0;
    %parti/s 7, 25, 6;
    %cmpi/e 0, 0, 7;
    %jmp/0xz  T_0.4, 4;
    %load/vec4 v0x60000022c120_0;
    %parti/s 3, 12, 5;
    %dup/vec4;
    %pushi/vec4 0, 0, 3;
    %cmp/u;
    %jmp/1 T_0.6, 6;
    %dup/vec4;
    %pushi/vec4 1, 0, 3;
    %cmp/u;
    %jmp/1 T_0.7, 6;
    %dup/vec4;
    %pushi/vec4 2, 0, 3;
    %cmp/u;
    %jmp/1 T_0.8, 6;
    %dup/vec4;
    %pushi/vec4 3, 0, 3;
    %cmp/u;
    %jmp/1 T_0.9, 6;
    %dup/vec4;
    %pushi/vec4 4, 0, 3;
    %cmp/u;
    %jmp/1 T_0.10, 6;
    %dup/vec4;
    %pushi/vec4 5, 0, 3;
    %cmp/u;
    %jmp/1 T_0.11, 6;
    %dup/vec4;
    %pushi/vec4 6, 0, 3;
    %cmp/u;
    %jmp/1 T_0.12, 6;
    %dup/vec4;
    %pushi/vec4 7, 0, 3;
    %cmp/u;
    %jmp/1 T_0.13, 6;
    %jmp T_0.14;
T_0.6 ;
    %pushi/vec4 2, 0, 4;
    %assign/vec4 v0x60000022c000_0, 0;
    %jmp T_0.14;
T_0.7 ;
    %pushi/vec4 5, 0, 4;
    %assign/vec4 v0x60000022c000_0, 0;
    %jmp T_0.14;
T_0.8 ;
    %pushi/vec4 8, 0, 4;
    %assign/vec4 v0x60000022c000_0, 0;
    %jmp T_0.14;
T_0.9 ;
    %pushi/vec4 9, 0, 4;
    %assign/vec4 v0x60000022c000_0, 0;
    %jmp T_0.14;
T_0.10 ;
    %pushi/vec4 4, 0, 4;
    %assign/vec4 v0x60000022c000_0, 0;
    %jmp T_0.14;
T_0.11 ;
    %pushi/vec4 6, 0, 4;
    %assign/vec4 v0x60000022c000_0, 0;
    %jmp T_0.14;
T_0.12 ;
    %pushi/vec4 1, 0, 4;
    %assign/vec4 v0x60000022c000_0, 0;
    %jmp T_0.14;
T_0.13 ;
    %pushi/vec4 0, 0, 4;
    %assign/vec4 v0x60000022c000_0, 0;
    %jmp T_0.14;
T_0.14 ;
    %pop/vec4 1;
    %jmp T_0.5;
T_0.4 ;
    %load/vec4 v0x60000022c120_0;
    %parti/s 7, 25, 6;
    %cmpi/e 32, 0, 7;
    %jmp/0xz  T_0.15, 4;
    %load/vec4 v0x60000022c120_0;
    %parti/s 3, 12, 5;
    %dup/vec4;
    %pushi/vec4 0, 0, 3;
    %cmp/u;
    %jmp/1 T_0.17, 6;
    %dup/vec4;
    %pushi/vec4 5, 0, 3;
    %cmp/u;
    %jmp/1 T_0.18, 6;
    %jmp T_0.19;
T_0.17 ;
    %pushi/vec4 3, 0, 4;
    %assign/vec4 v0x60000022c000_0, 0;
    %jmp T_0.19;
T_0.18 ;
    %pushi/vec4 7, 0, 4;
    %assign/vec4 v0x60000022c000_0, 0;
    %jmp T_0.19;
T_0.19 ;
    %pop/vec4 1;
T_0.15 ;
T_0.5 ;
    %jmp T_0.3;
T_0.2 ;
    %load/vec4 v0x60000022c090_0;
    %cmpi/e 0, 0, 4;
    %jmp/0xz  T_0.20, 4;
    %pushi/vec4 2, 0, 4;
    %assign/vec4 v0x60000022c000_0, 0;
    %jmp T_0.21;
T_0.20 ;
    %load/vec4 v0x60000022c090_0;
    %cmpi/e 7, 0, 4;
    %jmp/0xz  T_0.22, 4;
    %pushi/vec4 4, 0, 4;
    %assign/vec4 v0x60000022c000_0, 0;
T_0.22 ;
T_0.21 ;
T_0.3 ;
T_0.0 ;
    %jmp T_0;
    .thread T_0, $push;
# The file index is used to find the file name in the following table.
:file_names 3;
    "N/A";
    "<interactive>";
    "alu_control.v";
